Log file open, 07/13/16 15:24:43
LogInit:Display: Running engine for game: Sensand
LogPlatformFile: Not using cached read wrapper
LogInit:Display: RandInit(-1953873795) SRandInit(-1953873794).
LogTaskGraph: Started task graph with 4 named threads and 7 total threads with 1 sets of task threads.
LogStats: Stats thread started at 0.064878
LogInit: Version: 4.12.5-3039270+++UE4+Release-4.12
LogInit: API Version: 2992821
LogInit: Net Version: 3039270
LogDevObjectVersion: Number of dev versions registered: 13
LogDevObjectVersion:   Dev-Blueprints (B0D832E4-1F89-4F0D-ACCF-7EB736FD4AA2): 3
LogDevObjectVersion:   Dev-Build (E1C64328-A22C-4D53-A36C-8E866417BD8C): 0
LogDevObjectVersion:   Dev-Core (375EC13C-06E4-48FB-B500-84F0262A717E): 1
LogDevObjectVersion:   Dev-Editor (E4B068ED-F494-42E9-A231-DA0B2E46BB41): 2
LogDevObjectVersion:   Dev-Framework (CFFC743F-43B0-4480-9391-14DF171D2073): 6
LogDevObjectVersion:   Dev-Mobile (B02B49B5-BB20-44E9-A304-32B752E40360): 0
LogDevObjectVersion:   Dev-Networking (A4E4105C-59A1-49B5-A7C5-40C4547EDFEE): 0
LogDevObjectVersion:   Dev-Online (39C831C9-5AE6-47DC-9A44-9C173E1C8E7C): 0
LogDevObjectVersion:   Dev-Physics (78F01B33-EBEA-4F98-B9B4-84EACCB95AA2): 0
LogDevObjectVersion:   Dev-Platform (6631380F-2D4D-43E0-8009-CF276956A95A): 0
LogDevObjectVersion:   Dev-Rendering (12F88B9F-8875-4AFC-A67C-D90C383ABD29): 2
LogDevObjectVersion:   Dev-Sequencer (7B5AE74C-D270-4C10-A958-57980B212A5A): 0
LogDevObjectVersion:   Dev-VR (D7296918-1DD6-4BDD-9DE2-64A83CC13884): 0
LogInit: Compiled (64-bit): Jul  6 2016 09:09:46
LogInit: Compiled with Visual C++: 19.00.23026.00
LogInit: Build Configuration: Development
LogInit: Branch Name: ++UE4+Release-4.12
LogInit: Command line: -EpicPortal 
LogInit: Base directory: C:/Program Files (x86)/Epic Games/4.12/Engine/Binaries/Win64/
LogInit: Installed Engine Build: 1
LogInit: Using libcurl 7.41.0
LogInit:  - built for x86_64-pc-win32
LogInit:  - supports SSL with WinSSL
LogInit:  - other features:
LogInit:      CURL_VERSION_SSL
LogInit:      CURL_VERSION_IPV6
LogInit:      CURL_VERSION_ASYNCHDNS
LogInit:      CURL_VERSION_LARGEFILE
LogInit:      CURL_VERSION_IDN
LogInit:  CurlRequestOptions (configurable via config and command line):
LogInit:  - bVerifyPeer = true  - Libcurl will verify peer certificate
LogInit:  - bUseHttpProxy = false  - Libcurl will NOT use HTTP proxy
LogInit:  - bDontReuseConnections = false  - Libcurl will reuse connections
LogInit:  - CertBundlePath = nullptr  - Libcurl will use whatever was configured at build time.
LogInit: Presizing for max 8388607 objects, including 0 objects not considered by GC, pre-allocating 0 bytes for permanent pool.
LogInit: Object subsystem initialized
[2016.07.13-05.24.43:700][  0]LogInit: Selected Device Profile: [Windows]
[2016.07.13-05.24.43:700][  0]LogInit: Applying CVar settings loaded from the selected device profile: [Windows]
[2016.07.13-05.24.43:707][  0]LogInit: Computer: DESKTOP-9R99A8D
[2016.07.13-05.24.43:707][  0]LogInit: User: Unreal1
[2016.07.13-05.24.43:707][  0]LogInit: CPU Page size=65536, Cores=4
[2016.07.13-05.24.43:707][  0]LogInit: High frequency timer resolution =3.914057 MHz
[2016.07.13-05.24.43:707][  0]LogMemory: Memory total: Physical=31.9GB (32GB approx)
[2016.07.13-05.24.43:707][  0]LogMemory: Platform Memory Stats for Windows
[2016.07.13-05.24.43:707][  0]LogMemory: Process Physical Memory: 190.29 MB used, 190.29 MB peak
[2016.07.13-05.24.43:707][  0]LogMemory: Process Virtual Memory: 195.03 MB used, 195.03 MB peak
[2016.07.13-05.24.43:707][  0]LogMemory: Physical Memory: 6207.19 MB used, 32695.37 MB total
[2016.07.13-05.24.43:707][  0]LogMemory: Virtual Memory: 554.14 MB used, 134217728.00 MB total
[2016.07.13-05.24.43:727][  0]LogTextLocalizationManager: No specific translations for ('en-AU') exist, so ('en') translations will be used.
[2016.07.13-05.24.44:011][  0]LogD3D11RHI: D3D11 adapters:
[2016.07.13-05.24.44:038][  0]LogD3D11RHI:    0. 'NVIDIA GeForce GTX 1070' (Feature Level 11_0)
[2016.07.13-05.24.44:038][  0]LogD3D11RHI:       8085/0/16347 MB DedicatedVideo/DedicatedSystem/SharedSystem, Outputs:2, VendorId:0x10de
[2016.07.13-05.24.44:039][  0]LogD3D11RHI:    1. 'Microsoft Basic Render Driver' (Feature Level 11_0)
[2016.07.13-05.24.44:039][  0]LogD3D11RHI:       0/0/16347 MB DedicatedVideo/DedicatedSystem/SharedSystem, Outputs:0, VendorId:0x1414
[2016.07.13-05.24.44:039][  0]LogD3D11RHI: Chosen D3D11 Adapter: 0
[2016.07.13-05.24.44:042][  0]LogD3D11RHI: Creating new Direct3DDevice
[2016.07.13-05.24.44:042][  0]LogD3D11RHI:     GPU DeviceId: 0x1b81 (for the marketing name, search the web for "GPU Device Id")
[2016.07.13-05.24.44:042][  0]LogWindows: EnumDisplayDevices:
[2016.07.13-05.24.44:042][  0]LogWindows:    0. 'NVIDIA GeForce GTX 1070' (P:1 D:1)
[2016.07.13-05.24.44:043][  0]LogWindows:    1. 'NVIDIA GeForce GTX 1070' (P:0 D:1)
[2016.07.13-05.24.44:043][  0]LogWindows:    2. 'NVIDIA GeForce GTX 1070' (P:0 D:0)
[2016.07.13-05.24.44:043][  0]LogWindows:    3. 'NVIDIA GeForce GTX 1070' (P:0 D:0)
[2016.07.13-05.24.44:043][  0]LogWindows: DebugString: FoundDriverCount:4 
[2016.07.13-05.24.44:043][  0]LogD3D11RHI:     Adapter Name: NVIDIA GeForce GTX 1070
[2016.07.13-05.24.44:043][  0]LogD3D11RHI:   Driver Version: 368.39 (internal:10.18.13.6839, unified:368.39)
[2016.07.13-05.24.44:043][  0]LogD3D11RHI:      Driver Date: 6-2-2016
[2016.07.13-05.24.44:043][  0]LogRHI: Texture pool is 1361 MB (70% of 1945 MB)
[2016.07.13-05.24.44:052][  0]LogD3D11RHI: Async texture creation enabled
[2016.07.13-05.24.44:060][  0]LogD3D11RHI: GPU Timing Frequency: 1000.000000 (Debug: 2 1)
[2016.07.13-05.24.44:060][  0]LogShaderCompilers: Guid format shader working directory is -9 characters bigger than the processId version (../../../../../../Users/Unreal1/Documents/Sensand/Sensand/Intermediate/Shaders/WorkingDirectory/5340/).
[2016.07.13-05.24.44:060][  0]LogShaderCompilers: Cleaned the shader compiler working directory 'C:/Users/Unreal1/AppData/Local/Temp/UnrealShaderWorkingDir/95AFE7654C7ACD122AE6E7898133A95F/'.
[2016.07.13-05.24.44:060][  0]LogShaderCompilers:Display: Using Local Shader Compiler.
[2016.07.13-05.24.44:797][  0]LogTemp:Display: Loaded TP AllDesktopTargetPlatform
[2016.07.13-05.24.44:803][  0]LogTemp:Display: Loaded TP WindowsClientTargetPlatform
[2016.07.13-05.24.44:810][  0]LogTemp:Display: Loaded TP WindowsNoEditorTargetPlatform
[2016.07.13-05.24.44:816][  0]LogTemp:Display: Loaded TP WindowsServerTargetPlatform
[2016.07.13-05.24.44:822][  0]LogTemp:Display: Loaded TP WindowsTargetPlatform
[2016.07.13-05.24.44:828][  0]LogTemp:Display: Loaded TP AndroidTargetPlatform
[2016.07.13-05.24.44:833][  0]LogTemp:Display: Loaded TP Android_ASTCTargetPlatform
[2016.07.13-05.24.44:839][  0]LogTemp:Display: Loaded TP Android_ATCTargetPlatform
[2016.07.13-05.24.44:844][  0]LogTemp:Display: Loaded TP Android_DXTTargetPlatform
[2016.07.13-05.24.44:849][  0]LogTemp:Display: Loaded TP Android_ETC1TargetPlatform
[2016.07.13-05.24.44:855][  0]LogTemp:Display: Loaded TP Android_ETC2TargetPlatform
[2016.07.13-05.24.44:866][  0]LogTemp:Display: Loaded TP Android_MultiTargetPlatform
[2016.07.13-05.24.44:866][  0]LogTemp:Display: Loaded TP Android_PVRTCTargetPlatform
[2016.07.13-05.24.44:866][  0]LogTemp:Display: Loaded TP HTML5TargetPlatform
[2016.07.13-05.24.44:884][  0]LogTemp:Display: Loaded TP IOSTargetPlatform
[2016.07.13-05.24.44:889][  0]LogTemp:Display: Loaded TP TVOSTargetPlatform
[2016.07.13-05.24.44:894][  0]LogTemp:Display: Loaded TP LinuxNoEditorTargetPlatform
[2016.07.13-05.24.44:899][  0]LogTemp:Display: Loaded TP LinuxServerTargetPlatform
[2016.07.13-05.24.44:905][  0]LogTemp:Display: Loaded TP LinuxTargetPlatform
[2016.07.13-05.24.44:905][  0]LogTargetPlatformManager:Display: Building Assets For Windows
[2016.07.13-05.24.44:947][  0]LogDerivedDataCache:Display: Max Cache Size: 512 MB
[2016.07.13-05.24.44:979][  0]LogDerivedDataCache: Loaded boot cache 0.03s 48MB C:/Users/Unreal1/AppData/Local/UnrealEngine/4.12/DerivedDataCache/Boot.ddc.
[2016.07.13-05.24.44:980][  0]LogDerivedDataCache:Display: Loaded Boot cache: C:/Users/Unreal1/AppData/Local/UnrealEngine/4.12/DerivedDataCache/Boot.ddc
[2016.07.13-05.24.44:980][  0]LogDerivedDataCache: FDerivedDataBackendGraph:  Pak pak cache file ../../../../../../Users/Unreal1/Documents/Sensand/Sensand/DerivedDataCache/DDC.ddp not found, will not use a pak cache.
[2016.07.13-05.24.44:980][  0]LogDerivedDataCache: Unable to find inner node Pak for hierarchical cache Hierarchy.
[2016.07.13-05.24.44:980][  0]LogDerivedDataCache: FDerivedDataBackendGraph:  CompressedPak pak cache file ../../../../../../Users/Unreal1/Documents/Sensand/Sensand/DerivedDataCache/Compressed.ddp not found, will not use a pak cache.
[2016.07.13-05.24.44:980][  0]LogDerivedDataCache: Unable to find inner node CompressedPak for hierarchical cache Hierarchy.
[2016.07.13-05.24.44:992][  0]LogDerivedDataCache:Display: Pak cache opened for reading ../../../Engine/DerivedDataCache/Compressed.ddp.
[2016.07.13-05.24.45:004][  0]LogDerivedDataCache: Using Local data cache path C:/Users/Unreal1/AppData/Local/UnrealEngine/Common/DerivedDataCache: Writable
[2016.07.13-05.24.45:141][  0]LogInit: Selected Device Profile: [Windows]
[2016.07.13-05.24.45:141][  0]LogContentStreaming: Texture pool size is 0.00 MB
[2016.07.13-05.24.45:243][  0]LogMeshUtilities: No automatic mesh reduction module available
[2016.07.13-05.24.45:243][  0]LogMeshUtilities: No automatic mesh merging module available
[2016.07.13-05.24.45:243][  0]LogMeshUtilities: No distributed automatic mesh merging module available
[2016.07.13-05.24.45:415][  0]LogAssetRegistry: FAssetRegistry took 0.0224 seconds to start up
[2016.07.13-05.24.45:473][  0]LogPackageLocalizationCache: Processed 3 localized package path(s) for 2 prioritized culture(s) in 0.056649 seconds
[2016.07.13-05.24.45:477][  0]LogUObjectArray: 28739 objects as part of root set at end of initial load.
[2016.07.13-05.24.45:477][  0]LogUObjectAllocator: 5855624 out of 0 bytes used by permanent object pool.
[2016.07.13-05.24.45:477][  0]LogUObjectArray: CloseDisregardForGC: 0/0 objects in disregard for GC pool
[2016.07.13-05.24.45:481][  0]LogInit: WinSock: version 1.1 (2.2), MaxSocks=32767, MaxUdp=65467
[2016.07.13-05.24.45:589][  0]LogSlate: SlateFontCache - WITH_FREETYPE: 1, WITH_HARFBUZZ: 1
[2016.07.13-05.24.45:589][  0]LogSlate: SlateFontCache - WITH_FREETYPE: 1, WITH_HARFBUZZ: 1
[2016.07.13-05.24.46:085][  0]LogUdpMessaging: Initializing bridge on interface 0.0.0.0:0 to multicast group 230.0.0.1:6666.
[2016.07.13-05.24.46:236][  0]SourceControl: Info Source control is disabled
[2016.07.13-05.24.46:261][  0]SourceControl: Info Source control is disabled
[2016.07.13-05.24.46:265][  0]SourceControl: Info Source control is disabled
[2016.07.13-05.24.46:269][  0]SourceControl: Info Source control is disabled
[2016.07.13-05.24.46:426][  0]LogEngine: Initializing Engine...
[2016.07.13-05.24.46:426][  0]LogHMD: SteamVR failed to initialize.  Err: 110
[2016.07.13-05.24.46:427][  0]LogHMD: SteamVR failed to initialize.  Err: 110
[2016.07.13-05.24.46:524][  0]LogAIModule: Creating AISystem for world NewWorld
[2016.07.13-05.24.46:527][  0]LogInit: XAudio2 using 'Realtek Digital Output (Realtek High Definition Audio)' : 2 channels at 48 kHz using 16 bits per sample (channel mask 0x3)
[2016.07.13-05.24.46:541][  0]LogInit: FAudioDevice initialized.
[2016.07.13-05.24.46:558][  0]LogDerivedDataCache: Saved boot cache 0.02s 48MB C:/Users/Unreal1/AppData/Local/UnrealEngine/4.12/DerivedDataCache/Boot.ddc.
[2016.07.13-05.24.46:563][  0]LogInit: Texture streaming: Enabled
[2016.07.13-05.24.46:577][  0]LogInit: Transaction tracking system initialized
[2016.07.13-05.24.46:589][  0]BlueprintLog: New page: Editor Load
[2016.07.13-05.24.46:707][  0]LocalizationService: Info Localization service is disabled
[2016.07.13-05.24.46:769][  0]LogConsoleResponse:Display: 
[2016.07.13-05.24.46:836][  0]LogFileCache: Scanning file cache for directory 'C:/Users/Unreal1/Documents/Sensand/Sensand/Content/' took 0.01s
[2016.07.13-05.24.46:836][  0]LogCook:Display: Max memory allowance